<?xml version="1.0" encoding="UTF-8"?>
<testsuite name="com.day16.linkedlist.test.LLTest" tests="1" skipped="0" failures="0" errors="0" timestamp="2020-10-18T11:52:59" hostname="DESKTOP-9T3G1G1" time="0.018">
  <properties/>
  <testcase name="testLinkedList" classname="com.day16.linkedlist.test.LLTest" time="0.018"/>
  <system-out><![CDATA[[30]-[40]-[56]-[70]-
List Length: 4
[30]-[56]-[70]-
List Length: 3
]]></system-out>
  <system-err><![CDATA[]]></system-err>
</testsuite>
