<?xml version="1.0" encoding="UTF-8"?>
<testsuite name="com.day16.linkedlist.test.LLTest" tests="1" skipped="0" failures="0" errors="0" timestamp="2020-10-18T11:02:04" hostname="DESKTOP-9T3G1G1" time="0.003">
  <properties/>
  <testcase name="searchListTest" classname="com.day16.linkedlist.test.LLTest" time="0.003"/>
  <system-out><![CDATA[]]></system-out>
  <system-err><![CDATA[]]></system-err>
</testsuite>
